[35m[Appium][39m Welcome to Appium v1.22.3
[35m[Appium][39m Non-default server args:
[35m[Appium][39m   port: 64909
[35m[Appium][39m   loglevel: info
[35m[Appium][39m   tmpDir: C:\Users\User\AppData\Local\Temp\\Katalon\Appium\Temp1689562081909
[35m[Appium][39m   chromedriverPort: 64910
[35m[Appium][39m Deprecated server args:
[35m[Appium][39m   [31m--chromedriver-port[39m => --default-capabilities
[35m[Appium][39m Default capabilities, which will be added to each request unless overridden by desired capabilities:
[35m[Appium][39m   chromedriverPort: 64910
[35m[Appium][39m Appium REST http interface listener started on 0.0.0.0:64909
[35m[HTTP][39m [37m-->[39m [37mGET[39m [37m/wd/hub/status[39m
[35m[HTTP][39m [90m{}[39m
[35m[HTTP][39m [37m<-- GET /wd/hub/status [39m[32m200[39m [90m14 ms - 68[39m
[35m[HTTP][39m [90m[39m
[35m[HTTP][39m [37m-->[39m [37mPOST[39m [37m/wd/hub/session[39m
[35m[HTTP][39m [90m{"desiredCapabilities":{"app":"C:\\Users\\User\\Downloads\\4.0.52.apk","noReset":false,"deviceName":"emulator-5554 (sdk_gphone64_x86_64 - Android 14)","fullReset":true,"platform":"ANDROID","newCommandTimeout":1800,"platformVersion":"14","automationName":"uiautomator2","autoGrantPermissions":true,"platformName":"Android","udid":"emulator-5554","systemPort":64908},"capabilities":{"firstMatch":[{"appium:app":"C:\\Users\\User\\Downloads\\4.0.52.apk","appium:autoGrantPermissions":true,"appium:automationName":"uiautomator2","appium:deviceName":"emulator-5554 (sdk_gphone64_x86_64 - Android 14)","appium:fullReset":true,"appium:newCommandTimeout":1800,"appium:noReset":false,"platform":"ANDROID","platformName":"android","appium:platformVersion":"14","appium:systemPort":64908,"appium:udid":"emulator-5554"}]}}[39m
[35m[BaseDriver][39m The following capabilities are not standard capabilities and should have an extension prefix:
[35m[BaseDriver][39m   platform
[35m[BaseDriver][39m   chromedriverPort
[35m[Appium][39m Appium v1.22.3 creating new AndroidUiautomator2Driver (v1.70.1) session
[35m[BaseDriver][39m The following capabilities were provided, but are not recognized by Appium:
[35m[BaseDriver][39m   platform
[35m[BaseDriver][39m Session created with session id: c9d05541-adf0-43ef-927e-d310cec9f939
[35m[BaseDriver][39m Using local app 'C:\Users\User\Downloads\4.0.52.apk'
[35m[ADB][39m Found 1 'build-tools' folders under 'C:\Users\User\.katalon\tools\android_sdk' (newest first):
[35m[ADB][39m     C:/Users/User/.katalon/tools/android_sdk/build-tools/29.0.3
[35m[ADB][39m Using 'adb.exe' from 'C:\Users\User\.katalon\tools\android_sdk\platform-tools\adb.exe'
[35m[AndroidDriver][39m Retrieving device list
[35m[AndroidDriver][39m Using device: emulator-5554
[35m[ADB][39m Using 'adb.exe' from 'C:\Users\User\.katalon\tools\android_sdk\platform-tools\adb.exe'
[35m[ADB][39m Getting device platform version
[35m[UiAutomator2][39m Relaxing hidden api policy
[35m[ADB][39m Package name: 'com.ramssol.ramslearn.uat'
[35m[ADB][39m Main activity name: 'com.ramssol.ramslearn.activity.FirstActivity'
[35m[ADB][39m Using 'apksigner.jar' from 'C:\Users\User\.katalon\tools\android_sdk\build-tools\29.0.3\lib\apksigner.jar'
[35m[ADB][39m 'C:\Users\User\AppData\Roaming\npm\node_modules\appium\node_modules\appium-uiautomator2-server\apks\appium-uiautomator2-server-v4.27.0.apk' is signed with the default certificate
[35m[ADB][39m 'C:\Users\User\AppData\Roaming\npm\node_modules\appium\node_modules\appium-uiautomator2-server\apks\appium-uiautomator2-server-debug-androidTest.apk' is signed with the default certificate
[35m[UiAutomator2][39m Server packages are not going to be (re)installed
[35m[ADB][39m Adding packages ["io.appium.settings","io.appium.uiautomator2.server","io.appium.uiautomator2.server.test"] to Doze whitelist
[35m[ADB][39m 'C:\Users\User\Downloads\4.0.52.apk' is signed with a non-default certificate
[35m[ADB][39m com.ramssol.ramslearn.uat was successfully uninstalled
[35m[ADB][39m The application at 'C:\Users\User\Downloads\4.0.52.apk' will not be cached, because the device under test has confirmed the support of streamed installs
[35m[ADB][39m The installation of '4.0.52.apk' took 11837ms
[35m[UiAutomator2][39m Starting UIAutomator2 server 4.27.0
[35m[UiAutomator2][39m Using UIAutomator2 server from 'C:\Users\User\AppData\Roaming\npm\node_modules\appium\node_modules\appium-uiautomator2-server\apks\appium-uiautomator2-server-v4.27.0.apk' and test from 'C:\Users\User\AppData\Roaming\npm\node_modules\appium\node_modules\appium-uiautomator2-server\apks\appium-uiautomator2-server-debug-androidTest.apk'
[35m[UiAutomator2][39m Waiting up to 30000ms for UiAutomator2 to be online...
[35m[WD Proxy][39m socket hang up
[35m[WD Proxy][39m socket hang up
[35m[WD Proxy][39m socket hang up
[35m[WD Proxy][39m socket hang up
[35m[WD Proxy][39m socket hang up
[35m[WD Proxy][39m Determined the downstream protocol as 'W3C'
[35m[AndroidDriver][39m Screen already unlocked, doing nothing
[35m[UiAutomator2][39m Starting 'com.ramssol.ramslearn.uat/com.ramssol.ramslearn.activity.FirstActivity and waiting for 'com.ramssol.ramslearn.uat/com.ramssol.ramslearn.activity.FirstActivity'
[35m[Appium][39m New AndroidUiautomator2Driver session created successfully, session c9d05541-adf0-43ef-927e-d310cec9f939 added to master session list
[35m[HTTP][39m [37m<-- POST /wd/hub/session [39m[32m200[39m [90m44769 ms - 1272[39m
[35m[HTTP][39m [90m[39m
[35m[HTTP][39m [37m-->[39m [37mGET[39m [37m/wd/hub/session/c9d05541-adf0-43ef-927e-d310cec9f939[39m
[35m[HTTP][39m [90m{}[39m
[35m[HTTP][39m [37m<-- GET /wd/hub/session/c9d05541-adf0-43ef-927e-d310cec9f939 [39m[32m200[39m [90m20 ms - 1226[39m
[35m[HTTP][39m [90m[39m
[35m[HTTP][39m [37m-->[39m [37mGET[39m [37m/wd/hub/session/c9d05541-adf0-43ef-927e-d310cec9f939[39m
[35m[HTTP][39m [90m{}[39m
[35m[HTTP][39m [37m<-- GET /wd/hub/session/c9d05541-adf0-43ef-927e-d310cec9f939 [39m[32m200[39m [90m20 ms - 1226[39m
[35m[HTTP][39m [90m[39m
[35m[HTTP][39m [37m-->[39m [37mGET[39m [37m/wd/hub/status[39m
[35m[HTTP][39m [90m{}[39m
[35m[HTTP][39m [37m<-- GET /wd/hub/status [39m[32m200[39m [90m1 ms - 68[39m
[35m[HTTP][39m [90m[39m
[35m[HTTP][39m [37m-->[39m [37mPOST[39m [37m/wd/hub/session/c9d05541-adf0-43ef-927e-d310cec9f939/timeouts[39m
[35m[HTTP][39m [90m{"implicit":30000}[39m
[35m[HTTP][39m [37m<-- POST /wd/hub/session/c9d05541-adf0-43ef-927e-d310cec9f939/timeouts [39m[32m200[39m [90m3 ms - 14[39m
[35m[HTTP][39m [90m[39m
[35m[HTTP][39m [37m-->[39m [37mGET[39m [37m/wd/hub/session/c9d05541-adf0-43ef-927e-d310cec9f939/screenshot[39m
[35m[HTTP][39m [90m{}[39m
[35m[HTTP][39m [37m<-- GET /wd/hub/session/c9d05541-adf0-43ef-927e-d310cec9f939/screenshot [39m[32m200[39m [90m793 ms - 609944[39m
[35m[HTTP][39m [90m[39m
[35m[HTTP][39m [37m-->[39m [37mGET[39m [37m/wd/hub/session/c9d05541-adf0-43ef-927e-d310cec9f939/window/rect[39m
[35m[HTTP][39m [90m{}[39m
[35m[HTTP][39m [37m<-- GET /wd/hub/session/c9d05541-adf0-43ef-927e-d310cec9f939/window/rect [39m[32m200[39m [90m20 ms - 50[39m
[35m[HTTP][39m [90m[39m
[35m[HTTP][39m [37m-->[39m [37mGET[39m [37m/wd/hub/session/c9d05541-adf0-43ef-927e-d310cec9f939/appium/device/system_bars[39m
[35m[HTTP][39m [90m{}[39m
[35m[HTTP][39m [37m<-- GET /wd/hub/session/c9d05541-adf0-43ef-927e-d310cec9f939/appium/device/system_bars [39m[32m200[39m [90m154 ms - 145[39m
[35m[HTTP][39m [90m[39m
[35m[HTTP][39m [37m-->[39m [37mPOST[39m [37m/wd/hub/session/c9d05541-adf0-43ef-927e-d310cec9f939/timeouts[39m
[35m[HTTP][39m [90m{"implicit":50}[39m
[35m[HTTP][39m [37m<-- POST /wd/hub/session/c9d05541-adf0-43ef-927e-d310cec9f939/timeouts [39m[32m200[39m [90m2 ms - 14[39m
[35m[HTTP][39m [90m[39m
[35m[HTTP][39m [37m-->[39m [37mGET[39m [37m/wd/hub/session/c9d05541-adf0-43ef-927e-d310cec9f939/window/rect[39m
[35m[HTTP][39m [90m{}[39m
[35m[HTTP][39m [37m<-- GET /wd/hub/session/c9d05541-adf0-43ef-927e-d310cec9f939/window/rect [39m[32m200[39m [90m15 ms - 50[39m
[35m[HTTP][39m [90m[39m
[35m[HTTP][39m [37m-->[39m [37mPOST[39m [37m/wd/hub/session/c9d05541-adf0-43ef-927e-d310cec9f939/elements[39m
[35m[HTTP][39m [90m{"using":"xpath","value":"//*[@class = 'android.widget.TextView' and (@text = 'I have an account' or . = 'I have an account') and @resource-id = 'com.ramssol.ramslearn.uat:id/tvIhaveAccount']"}[39m
[35m[HTTP][39m [37m<-- POST /wd/hub/session/c9d05541-adf0-43ef-927e-d310cec9f939/elements [39m[32m200[39m [90m1519 ms - 139[39m
[35m[HTTP][39m [90m[39m
[35m[HTTP][39m [37m-->[39m [37mGET[39m [37m/wd/hub/session/c9d05541-adf0-43ef-927e-d310cec9f939/element/00000000-0000-00ac-ffff-ffff00000015/location[39m
[35m[HTTP][39m [90m{}[39m
[35m[W3C (c9d05541)][39m Driver proxy active, passing request on via HTTP proxy
[35m[WD Proxy][39m Replacing sessionId b905d072-6d70-4633-8a66-cb3bd610410d with c9d05541-adf0-43ef-927e-d310cec9f939
[35m[HTTP][39m [37m<-- GET /wd/hub/session/c9d05541-adf0-43ef-927e-d310cec9f939/element/00000000-0000-00ac-ffff-ffff00000015/location [39m[32m200[39m [90m674 ms - 79[39m
[35m[HTTP][39m [90m[39m
[35m[HTTP][39m [37m-->[39m [37mPOST[39m [37m/wd/hub/session/c9d05541-adf0-43ef-927e-d310cec9f939/timeouts[39m
[35m[HTTP][39m [90m{"implicit":30000}[39m
[35m[HTTP][39m [37m<-- POST /wd/hub/session/c9d05541-adf0-43ef-927e-d310cec9f939/timeouts [39m[32m200[39m [90m2 ms - 14[39m
[35m[HTTP][39m [90m[39m
[35m[HTTP][39m [37m-->[39m [37mPOST[39m [37m/wd/hub/session/c9d05541-adf0-43ef-927e-d310cec9f939/element/00000000-0000-00ac-ffff-ffff00000015/click[39m
[35m[HTTP][39m [90m{"id":"00000000-0000-00ac-ffff-ffff00000015"}[39m
[35m[HTTP][39m [37m<-- POST /wd/hub/session/c9d05541-adf0-43ef-927e-d310cec9f939/element/00000000-0000-00ac-ffff-ffff00000015/click [39m[32m200[39m [90m92 ms - 14[39m
[35m[HTTP][39m [90m[39m
[35m[HTTP][39m [37m-->[39m [37mPOST[39m [37m/wd/hub/session/c9d05541-adf0-43ef-927e-d310cec9f939/timeouts[39m
[35m[HTTP][39m [90m{"implicit":50}[39m
[35m[HTTP][39m [37m<-- POST /wd/hub/session/c9d05541-adf0-43ef-927e-d310cec9f939/timeouts [39m[32m200[39m [90m2 ms - 14[39m
[35m[HTTP][39m [90m[39m
[35m[HTTP][39m [37m-->[39m [37mGET[39m [37m/wd/hub/session/c9d05541-adf0-43ef-927e-d310cec9f939/window/rect[39m
[35m[HTTP][39m [90m{}[39m
[35m[HTTP][39m [37m<-- GET /wd/hub/session/c9d05541-adf0-43ef-927e-d310cec9f939/window/rect [39m[32m200[39m [90m26 ms - 50[39m
[35m[HTTP][39m [90m[39m
[35m[HTTP][39m [37m-->[39m [37mPOST[39m [37m/wd/hub/session/c9d05541-adf0-43ef-927e-d310cec9f939/elements[39m
[35m[HTTP][39m [90m{"using":"xpath","value":"//*[@class = 'android.widget.EditText' and (@text = 'Email' or . = 'Email') and @resource-id = 'com.ramssol.ramslearn.uat:id/et_email']"}[39m
[35m[HTTP][39m [37m<-- POST /wd/hub/session/c9d05541-adf0-43ef-927e-d310cec9f939/elements [39m[32m200[39m [90m748 ms - 12[39m
[35m[HTTP][39m [90m[39m
[35m[HTTP][39m [37m-->[39m [37mPOST[39m [37m/wd/hub/session/c9d05541-adf0-43ef-927e-d310cec9f939/elements[39m
[35m[HTTP][39m [90m{"using":"xpath","value":"//*[@class = 'android.widget.EditText' and (@text = 'Email' or . = 'Email') and @resource-id = 'com.ramssol.ramslearn.uat:id/et_email']"}[39m
[35m[HTTP][39m [37m<-- POST /wd/hub/session/c9d05541-adf0-43ef-927e-d310cec9f939/elements [39m[32m200[39m [90m1150 ms - 139[39m
[35m[HTTP][39m [90m[39m
[35m[HTTP][39m [37m-->[39m [37mGET[39m [37m/wd/hub/session/c9d05541-adf0-43ef-927e-d310cec9f939/element/00000000-0000-00ad-ffff-ffff0000002a/location[39m
[35m[HTTP][39m [90m{}[39m
[35m[W3C (c9d05541)][39m Driver proxy active, passing request on via HTTP proxy
[35m[WD Proxy][39m Replacing sessionId b905d072-6d70-4633-8a66-cb3bd610410d with c9d05541-adf0-43ef-927e-d310cec9f939
[35m[HTTP][39m [37m<-- GET /wd/hub/session/c9d05541-adf0-43ef-927e-d310cec9f939/element/00000000-0000-00ad-ffff-ffff0000002a/location [39m[32m200[39m [90m28 ms - 79[39m
[35m[HTTP][39m [90m[39m
[35m[HTTP][39m [37m-->[39m [37mPOST[39m [37m/wd/hub/session/c9d05541-adf0-43ef-927e-d310cec9f939/timeouts[39m
[35m[HTTP][39m [90m{"implicit":30000}[39m
[35m[HTTP][39m [37m<-- POST /wd/hub/session/c9d05541-adf0-43ef-927e-d310cec9f939/timeouts [39m[32m200[39m [90m1 ms - 14[39m
[35m[HTTP][39m [90m[39m
[35m[HTTP][39m [37m-->[39m [37mPOST[39m [37m/wd/hub/session/c9d05541-adf0-43ef-927e-d310cec9f939/element/00000000-0000-00ad-ffff-ffff0000002a/clear[39m
[35m[HTTP][39m [90m{"id":"00000000-0000-00ad-ffff-ffff0000002a"}[39m
[35m[HTTP][39m [37m<-- POST /wd/hub/session/c9d05541-adf0-43ef-927e-d310cec9f939/element/00000000-0000-00ad-ffff-ffff0000002a/clear [39m[32m200[39m [90m153 ms - 14[39m
[35m[HTTP][39m [90m[39m
[35m[HTTP][39m [37m-->[39m [37mPOST[39m [37m/wd/hub/session/c9d05541-adf0-43ef-927e-d310cec9f939/element/00000000-0000-00ad-ffff-ffff0000002a/value[39m
[35m[HTTP][39m [90m{"id":"00000000-0000-00ad-ffff-ffff0000002a","text":"uatdemo7@ramssol.com","value":["u","a","t","d","e","m","o","7","@","r","a","m","s","s","o","l",".","c","o","m"]}[39m
[35m[HTTP][39m [37m<-- POST /wd/hub/session/c9d05541-adf0-43ef-927e-d310cec9f939/element/00000000-0000-00ad-ffff-ffff0000002a/value [39m[32m200[39m [90m1060 ms - 14[39m
[35m[HTTP][39m [90m[39m
[35m[HTTP][39m [37m-->[39m [37mPOST[39m [37m/wd/hub/session/c9d05541-adf0-43ef-927e-d310cec9f939/timeouts[39m
[35m[HTTP][39m [90m{"implicit":50}[39m
[35m[HTTP][39m [37m<-- POST /wd/hub/session/c9d05541-adf0-43ef-927e-d310cec9f939/timeouts [39m[32m200[39m [90m1 ms - 14[39m
[35m[HTTP][39m [90m[39m
[35m[HTTP][39m [37m-->[39m [37mGET[39m [37m/wd/hub/session/c9d05541-adf0-43ef-927e-d310cec9f939/window/rect[39m
[35m[HTTP][39m [90m{}[39m
[35m[HTTP][39m [37m<-- GET /wd/hub/session/c9d05541-adf0-43ef-927e-d310cec9f939/window/rect [39m[32m200[39m [90m11 ms - 50[39m
[35m[HTTP][39m [90m[39m
[35m[HTTP][39m [37m-->[39m [37mPOST[39m [37m/wd/hub/session/c9d05541-adf0-43ef-927e-d310cec9f939/elements[39m
[35m[HTTP][39m [90m{"using":"xpath","value":"//*[@class = 'android.widget.EditText' and (@text = 'Password' or . = 'Password') and @resource-id = 'com.ramssol.ramslearn.uat:id/et_password']"}[39m
[35m[HTTP][39m [37m<-- POST /wd/hub/session/c9d05541-adf0-43ef-927e-d310cec9f939/elements [39m[32m200[39m [90m510 ms - 139[39m
[35m[HTTP][39m [90m[39m
[35m[HTTP][39m [37m-->[39m [37mGET[39m [37m/wd/hub/session/c9d05541-adf0-43ef-927e-d310cec9f939/element/00000000-0000-00ad-ffff-ffff0000002e/location[39m
[35m[HTTP][39m [90m{}[39m
[35m[W3C (c9d05541)][39m Driver proxy active, passing request on via HTTP proxy
[35m[WD Proxy][39m Replacing sessionId b905d072-6d70-4633-8a66-cb3bd610410d with c9d05541-adf0-43ef-927e-d310cec9f939
[35m[HTTP][39m [37m<-- GET /wd/hub/session/c9d05541-adf0-43ef-927e-d310cec9f939/element/00000000-0000-00ad-ffff-ffff0000002e/location [39m[32m200[39m [90m28 ms - 79[39m
[35m[HTTP][39m [90m[39m
[35m[HTTP][39m [37m-->[39m [37mPOST[39m [37m/wd/hub/session/c9d05541-adf0-43ef-927e-d310cec9f939/timeouts[39m
[35m[HTTP][39m [90m{"implicit":30000}[39m
[35m[HTTP][39m [37m<-- POST /wd/hub/session/c9d05541-adf0-43ef-927e-d310cec9f939/timeouts [39m[32m200[39m [90m2 ms - 14[39m
[35m[HTTP][39m [90m[39m
[35m[HTTP][39m [37m-->[39m [37mPOST[39m [37m/wd/hub/session/c9d05541-adf0-43ef-927e-d310cec9f939/element/00000000-0000-00ad-ffff-ffff0000002e/clear[39m
[35m[HTTP][39m [90m{"id":"00000000-0000-00ad-ffff-ffff0000002e"}[39m
[35m[HTTP][39m [37m<-- POST /wd/hub/session/c9d05541-adf0-43ef-927e-d310cec9f939/element/00000000-0000-00ad-ffff-ffff0000002e/clear [39m[32m200[39m [90m41 ms - 14[39m
[35m[HTTP][39m [90m[39m
[35m[HTTP][39m [37m-->[39m [37mPOST[39m [37m/wd/hub/session/c9d05541-adf0-43ef-927e-d310cec9f939/element/00000000-0000-00ad-ffff-ffff0000002e/value[39m
[35m[HTTP][39m [90m{"id":"00000000-0000-00ad-ffff-ffff0000002e","text":"Password01","value":["P","a","s","s","w","o","r","d","0","1"]}[39m
[35m[HTTP][39m [37m<-- POST /wd/hub/session/c9d05541-adf0-43ef-927e-d310cec9f939/element/00000000-0000-00ad-ffff-ffff0000002e/value [39m[32m200[39m [90m1038 ms - 14[39m
[35m[HTTP][39m [90m[39m
[35m[HTTP][39m [37m-->[39m [37mPOST[39m [37m/wd/hub/session/c9d05541-adf0-43ef-927e-d310cec9f939/timeouts[39m
[35m[HTTP][39m [90m{"implicit":50}[39m
[35m[HTTP][39m [37m<-- POST /wd/hub/session/c9d05541-adf0-43ef-927e-d310cec9f939/timeouts [39m[32m200[39m [90m1 ms - 14[39m
[35m[HTTP][39m [90m[39m
[35m[HTTP][39m [37m-->[39m [37mGET[39m [37m/wd/hub/session/c9d05541-adf0-43ef-927e-d310cec9f939/window/rect[39m
[35m[HTTP][39m [90m{}[39m
[35m[HTTP][39m [37m<-- GET /wd/hub/session/c9d05541-adf0-43ef-927e-d310cec9f939/window/rect [39m[32m200[39m [90m15 ms - 50[39m
[35m[HTTP][39m [90m[39m
[35m[HTTP][39m [37m-->[39m [37mPOST[39m [37m/wd/hub/session/c9d05541-adf0-43ef-927e-d310cec9f939/elements[39m
[35m[HTTP][39m [90m{"using":"xpath","value":"//*[@class = 'android.widget.Button' and (@text = 'Log In' or . = 'Log In') and @resource-id = 'com.ramssol.ramslearn.uat:id/btn_login']"}[39m
[35m[HTTP][39m [37m<-- POST /wd/hub/session/c9d05541-adf0-43ef-927e-d310cec9f939/elements [39m[32m200[39m [90m552 ms - 139[39m
[35m[HTTP][39m [90m[39m
[35m[HTTP][39m [37m-->[39m [37mGET[39m [37m/wd/hub/session/c9d05541-adf0-43ef-927e-d310cec9f939/element/00000000-0000-00ad-ffff-ffff00000031/location[39m
[35m[HTTP][39m [90m{}[39m
[35m[W3C (c9d05541)][39m Driver proxy active, passing request on via HTTP proxy
[35m[WD Proxy][39m Replacing sessionId b905d072-6d70-4633-8a66-cb3bd610410d with c9d05541-adf0-43ef-927e-d310cec9f939
[35m[HTTP][39m [37m<-- GET /wd/hub/session/c9d05541-adf0-43ef-927e-d310cec9f939/element/00000000-0000-00ad-ffff-ffff00000031/location [39m[32m200[39m [90m25 ms - 79[39m
[35m[HTTP][39m [90m[39m
[35m[HTTP][39m [37m-->[39m [37mPOST[39m [37m/wd/hub/session/c9d05541-adf0-43ef-927e-d310cec9f939/timeouts[39m
[35m[HTTP][39m [90m{"implicit":30000}[39m
[35m[HTTP][39m [37m<-- POST /wd/hub/session/c9d05541-adf0-43ef-927e-d310cec9f939/timeouts [39m[32m200[39m [90m1 ms - 14[39m
[35m[HTTP][39m [90m[39m
[35m[HTTP][39m [37m-->[39m [37mPOST[39m [37m/wd/hub/session/c9d05541-adf0-43ef-927e-d310cec9f939/element/00000000-0000-00ad-ffff-ffff00000031/click[39m
[35m[HTTP][39m [90m{"id":"00000000-0000-00ad-ffff-ffff00000031"}[39m
[35m[HTTP][39m [37m<-- POST /wd/hub/session/c9d05541-adf0-43ef-927e-d310cec9f939/element/00000000-0000-00ad-ffff-ffff00000031/click [39m[32m200[39m [90m74 ms - 14[39m
[35m[HTTP][39m [90m[39m
[35m[HTTP][39m [37m-->[39m [37mPOST[39m [37m/wd/hub/session/c9d05541-adf0-43ef-927e-d310cec9f939/timeouts[39m
[35m[HTTP][39m [90m{"implicit":50}[39m
[35m[HTTP][39m [37m<-- POST /wd/hub/session/c9d05541-adf0-43ef-927e-d310cec9f939/timeouts [39m[32m200[39m [90m1 ms - 14[39m
[35m[HTTP][39m [90m[39m
[35m[HTTP][39m [37m-->[39m [37mGET[39m [37m/wd/hub/session/c9d05541-adf0-43ef-927e-d310cec9f939/window/rect[39m
[35m[HTTP][39m [90m{}[39m
[35m[HTTP][39m [37m<-- GET /wd/hub/session/c9d05541-adf0-43ef-927e-d310cec9f939/window/rect [39m[32m200[39m [90m45 ms - 50[39m
[35m[HTTP][39m [90m[39m
[35m[HTTP][39m [37m-->[39m [37mPOST[39m [37m/wd/hub/session/c9d05541-adf0-43ef-927e-d310cec9f939/elements[39m
[35m[HTTP][39m [90m{"using":"xpath","value":"//*[@class = 'android.widget.ImageView' and @resource-id = 'com.ramssol.ramslearn.uat:id/btnMenu' and (@text = '' or . = '')]"}[39m
[35m[HTTP][39m [37m<-- POST /wd/hub/session/c9d05541-adf0-43ef-927e-d310cec9f939/elements [39m[32m200[39m [90m543 ms - 12[39m
[35m[HTTP][39m [90m[39m
[35m[HTTP][39m [37m-->[39m [37mPOST[39m [37m/wd/hub/session/c9d05541-adf0-43ef-927e-d310cec9f939/elements[39m
[35m[HTTP][39m [90m{"using":"xpath","value":"//*[@class = 'android.widget.ImageView' and @resource-id = 'com.ramssol.ramslearn.uat:id/btnMenu' and (@text = '' or . = '')]"}[39m
[35m[HTTP][39m [37m<-- POST /wd/hub/session/c9d05541-adf0-43ef-927e-d310cec9f939/elements [39m[32m200[39m [90m385 ms - 12[39m
[35m[HTTP][39m [90m[39m
[35m[HTTP][39m [37m-->[39m [37mPOST[39m [37m/wd/hub/session/c9d05541-adf0-43ef-927e-d310cec9f939/elements[39m
[35m[HTTP][39m [90m{"using":"xpath","value":"//*[@class = 'android.widget.ImageView' and @resource-id = 'com.ramssol.ramslearn.uat:id/btnMenu' and (@text = '' or . = '')]"}[39m
[35m[HTTP][39m [37m<-- POST /wd/hub/session/c9d05541-adf0-43ef-927e-d310cec9f939/elements [39m[32m200[39m [90m2115 ms - 12[39m
[35m[HTTP][39m [90m[39m
[35m[HTTP][39m [37m-->[39m [37mPOST[39m [37m/wd/hub/session/c9d05541-adf0-43ef-927e-d310cec9f939/elements[39m
[35m[HTTP][39m [90m{"using":"xpath","value":"//*[@class = 'android.widget.ImageView' and @resource-id = 'com.ramssol.ramslearn.uat:id/btnMenu' and (@text = '' or . = '')]"}[39m
[35m[HTTP][39m [37m<-- POST /wd/hub/session/c9d05541-adf0-43ef-927e-d310cec9f939/elements [39m[32m200[39m [90m1607 ms - 139[39m
[35m[HTTP][39m [90m[39m
[35m[HTTP][39m [37m-->[39m [37mGET[39m [37m/wd/hub/session/c9d05541-adf0-43ef-927e-d310cec9f939/element/00000000-0000-00af-ffff-ffff0000007a/location[39m
[35m[HTTP][39m [90m{}[39m
[35m[W3C (c9d05541)][39m Driver proxy active, passing request on via HTTP proxy
[35m[WD Proxy][39m Replacing sessionId b905d072-6d70-4633-8a66-cb3bd610410d with c9d05541-adf0-43ef-927e-d310cec9f939
[35m[HTTP][39m [37m<-- GET /wd/hub/session/c9d05541-adf0-43ef-927e-d310cec9f939/element/00000000-0000-00af-ffff-ffff0000007a/location [39m[32m200[39m [90m182 ms - 80[39m
[35m[HTTP][39m [90m[39m
[35m[HTTP][39m [37m-->[39m [37mPOST[39m [37m/wd/hub/session/c9d05541-adf0-43ef-927e-d310cec9f939/timeouts[39m
[35m[HTTP][39m [90m{"implicit":30000}[39m
[35m[HTTP][39m [37m<-- POST /wd/hub/session/c9d05541-adf0-43ef-927e-d310cec9f939/timeouts [39m[32m200[39m [90m3 ms - 14[39m
[35m[HTTP][39m [90m[39m
[35m[HTTP][39m [37m-->[39m [37mPOST[39m [37m/wd/hub/session/c9d05541-adf0-43ef-927e-d310cec9f939/element/00000000-0000-00af-ffff-ffff0000007a/click[39m
[35m[HTTP][39m [90m{"id":"00000000-0000-00af-ffff-ffff0000007a"}[39m
[35m[HTTP][39m [37m<-- POST /wd/hub/session/c9d05541-adf0-43ef-927e-d310cec9f939/element/00000000-0000-00af-ffff-ffff0000007a/click [39m[32m200[39m [90m112 ms - 14[39m
[35m[HTTP][39m [90m[39m
[35m[HTTP][39m [37m-->[39m [37mPOST[39m [37m/wd/hub/session/c9d05541-adf0-43ef-927e-d310cec9f939/timeouts[39m
[35m[HTTP][39m [90m{"implicit":50}[39m
[35m[HTTP][39m [37m<-- POST /wd/hub/session/c9d05541-adf0-43ef-927e-d310cec9f939/timeouts [39m[32m200[39m [90m2 ms - 14[39m
[35m[HTTP][39m [90m[39m
[35m[HTTP][39m [37m-->[39m [37mGET[39m [37m/wd/hub/session/c9d05541-adf0-43ef-927e-d310cec9f939/window/rect[39m
[35m[HTTP][39m [90m{}[39m
[35m[HTTP][39m [37m<-- GET /wd/hub/session/c9d05541-adf0-43ef-927e-d310cec9f939/window/rect [39m[32m200[39m [90m14 ms - 50[39m
[35m[HTTP][39m [90m[39m
[35m[HTTP][39m [37m-->[39m [37mPOST[39m [37m/wd/hub/session/c9d05541-adf0-43ef-927e-d310cec9f939/elements[39m
[35m[HTTP][39m [90m{"using":"xpath","value":"//*[@class = 'android.widget.TextView' and (@text = 'Log Out' or . = 'Log Out') and @resource-id = 'com.ramssol.ramslearn.uat:id/tvLogOut']"}[39m
[35m[HTTP][39m [37m<-- POST /wd/hub/session/c9d05541-adf0-43ef-927e-d310cec9f939/elements [39m[32m200[39m [90m516 ms - 12[39m
[35m[HTTP][39m [90m[39m
[35m[HTTP][39m [37m-->[39m [37mPOST[39m [37m/wd/hub/session/c9d05541-adf0-43ef-927e-d310cec9f939/elements[39m
[35m[HTTP][39m [90m{"using":"xpath","value":"//*[@class = 'android.widget.TextView' and (@text = 'Log Out' or . = 'Log Out') and @resource-id = 'com.ramssol.ramslearn.uat:id/tvLogOut']"}[39m
[35m[HTTP][39m [37m<-- POST /wd/hub/session/c9d05541-adf0-43ef-927e-d310cec9f939/elements [39m[32m200[39m [90m1150 ms - 139[39m
[35m[HTTP][39m [90m[39m
[35m[HTTP][39m [37m-->[39m [37mGET[39m [37m/wd/hub/session/c9d05541-adf0-43ef-927e-d310cec9f939/element/00000000-0000-00b0-ffff-ffff000000aa/location[39m
[35m[HTTP][39m [90m{}[39m
[35m[W3C (c9d05541)][39m Driver proxy active, passing request on via HTTP proxy
[35m[WD Proxy][39m Replacing sessionId b905d072-6d70-4633-8a66-cb3bd610410d with c9d05541-adf0-43ef-927e-d310cec9f939
[35m[HTTP][39m [37m<-- GET /wd/hub/session/c9d05541-adf0-43ef-927e-d310cec9f939/element/00000000-0000-00b0-ffff-ffff000000aa/location [39m[32m200[39m [90m19 ms - 79[39m
[35m[HTTP][39m [90m[39m
[35m[HTTP][39m [37m-->[39m [37mPOST[39m [37m/wd/hub/session/c9d05541-adf0-43ef-927e-d310cec9f939/timeouts[39m
[35m[HTTP][39m [90m{"implicit":30000}[39m
[35m[HTTP][39m [37m<-- POST /wd/hub/session/c9d05541-adf0-43ef-927e-d310cec9f939/timeouts [39m[32m200[39m [90m2 ms - 14[39m
[35m[HTTP][39m [90m[39m
[35m[HTTP][39m [37m-->[39m [37mPOST[39m [37m/wd/hub/session/c9d05541-adf0-43ef-927e-d310cec9f939/element/00000000-0000-00b0-ffff-ffff000000aa/click[39m
[35m[HTTP][39m [90m{"id":"00000000-0000-00b0-ffff-ffff000000aa"}[39m
[35m[HTTP][39m [37m<-- POST /wd/hub/session/c9d05541-adf0-43ef-927e-d310cec9f939/element/00000000-0000-00b0-ffff-ffff000000aa/click [39m[32m200[39m [90m75 ms - 14[39m
[35m[HTTP][39m [90m[39m
[35m[HTTP][39m [37m-->[39m [37mPOST[39m [37m/wd/hub/session/c9d05541-adf0-43ef-927e-d310cec9f939/timeouts[39m
[35m[HTTP][39m [90m{"implicit":50}[39m
[35m[HTTP][39m [37m<-- POST /wd/hub/session/c9d05541-adf0-43ef-927e-d310cec9f939/timeouts [39m[32m200[39m [90m1 ms - 14[39m
[35m[HTTP][39m [90m[39m
[35m[HTTP][39m [37m-->[39m [37mGET[39m [37m/wd/hub/session/c9d05541-adf0-43ef-927e-d310cec9f939/window/rect[39m
[35m[HTTP][39m [90m{}[39m
[35m[HTTP][39m [37m<-- GET /wd/hub/session/c9d05541-adf0-43ef-927e-d310cec9f939/window/rect [39m[32m200[39m [90m16 ms - 50[39m
[35m[HTTP][39m [90m[39m
[35m[HTTP][39m [37m-->[39m [37mPOST[39m [37m/wd/hub/session/c9d05541-adf0-43ef-927e-d310cec9f939/elements[39m
[35m[HTTP][39m [90m{"using":"xpath","value":"//*[@class = 'android.widget.TextView' and (@text = 'Yes' or . = 'Yes') and @resource-id = 'com.ramssol.ramslearn.uat:id/tv_positive_label']"}[39m
[35m[HTTP][39m [37m<-- POST /wd/hub/session/c9d05541-adf0-43ef-927e-d310cec9f939/elements [39m[32m200[39m [90m1034 ms - 139[39m
[35m[HTTP][39m [90m[39m
[35m[HTTP][39m [37m-->[39m [37mGET[39m [37m/wd/hub/session/c9d05541-adf0-43ef-927e-d310cec9f939/element/00000000-0000-00b1-ffff-ffff000000b6/location[39m
[35m[HTTP][39m [90m{}[39m
[35m[W3C (c9d05541)][39m Driver proxy active, passing request on via HTTP proxy
[35m[WD Proxy][39m Replacing sessionId b905d072-6d70-4633-8a66-cb3bd610410d with c9d05541-adf0-43ef-927e-d310cec9f939
[35m[HTTP][39m [37m<-- GET /wd/hub/session/c9d05541-adf0-43ef-927e-d310cec9f939/element/00000000-0000-00b1-ffff-ffff000000b6/location [39m[32m200[39m [90m20 ms - 80[39m
[35m[HTTP][39m [90m[39m
[35m[HTTP][39m [37m-->[39m [37mPOST[39m [37m/wd/hub/session/c9d05541-adf0-43ef-927e-d310cec9f939/timeouts[39m
[35m[HTTP][39m [90m{"implicit":30000}[39m
[35m[HTTP][39m [37m<-- POST /wd/hub/session/c9d05541-adf0-43ef-927e-d310cec9f939/timeouts [39m[32m200[39m [90m1 ms - 14[39m
[35m[HTTP][39m [90m[39m
[35m[HTTP][39m [37m-->[39m [37mPOST[39m [37m/wd/hub/session/c9d05541-adf0-43ef-927e-d310cec9f939/element/00000000-0000-00b1-ffff-ffff000000b6/click[39m
[35m[HTTP][39m [90m{"id":"00000000-0000-00b1-ffff-ffff000000b6"}[39m
[35m[HTTP][39m [37m<-- POST /wd/hub/session/c9d05541-adf0-43ef-927e-d310cec9f939/element/00000000-0000-00b1-ffff-ffff000000b6/click [39m[32m200[39m [90m90 ms - 14[39m
[35m[HTTP][39m [90m[39m
[35m[HTTP][39m [37m-->[39m [37mDELETE[39m [37m/wd/hub/session/c9d05541-adf0-43ef-927e-d310cec9f939[39m
[35m[HTTP][39m [90m{}[39m
[35m[Appium][39m Removing session c9d05541-adf0-43ef-927e-d310cec9f939 from our master session list
[35m[ADB][39m com.ramssol.ramslearn.uat was successfully uninstalled
[35m[UiAutomator2][39m Restoring hidden api policy to the device default configuration
[35m[HTTP][39m [37m<-- DELETE /wd/hub/session/c9d05541-adf0-43ef-927e-d310cec9f939 [39m[32m200[39m [90m2133 ms - 14[39m
[35m[HTTP][39m [90m[39m
