[35m[Appium][39m Welcome to Appium v1.22.3
[35m[Appium][39m Non-default server args:
[35m[Appium][39m   port: 53900
[35m[Appium][39m   loglevel: info
[35m[Appium][39m   tmpDir: C:\Users\User\AppData\Local\Temp\\Katalon\Appium\Temp1689561674182
[35m[Appium][39m   chromedriverPort: 53902
[35m[Appium][39m Deprecated server args:
[35m[Appium][39m   [31m--chromedriver-port[39m => --default-capabilities
[35m[Appium][39m Default capabilities, which will be added to each request unless overridden by desired capabilities:
[35m[Appium][39m   chromedriverPort: 53902
[35m[Appium][39m Appium REST http interface listener started on 0.0.0.0:53900
[35m[HTTP][39m [37m-->[39m [37mGET[39m [37m/wd/hub/status[39m
[35m[HTTP][39m [90m{}[39m
[35m[HTTP][39m [37m<-- GET /wd/hub/status [39m[32m200[39m [90m17 ms - 68[39m
[35m[HTTP][39m [90m[39m
[35m[HTTP][39m [37m-->[39m [37mGET[39m [37m/wd/hub/status[39m
[35m[HTTP][39m [90m{}[39m
[35m[HTTP][39m [37m<-- GET /wd/hub/status [39m[32m200[39m [90m3 ms - 68[39m
[35m[HTTP][39m [90m[39m
[35m[HTTP][39m [37m-->[39m [37mPOST[39m [37m/wd/hub/session[39m
[35m[HTTP][39m [90m{"desiredCapabilities":{"app":"C:\\Users\\User\\Downloads\\4.0.52.apk","noReset":true,"deviceName":"emulator-5554 (sdk_gphone64_x86_64 - Android 14)","fullReset":false,"platform":"ANDROID","newCommandTimeout":1800,"platformVersion":"14","automationName":"uiautomator2","autoGrantPermissions":true,"platformName":"Android","udid":"emulator-5554","systemPort":53959},"capabilities":{"firstMatch":[{"appium:app":"C:\\Users\\User\\Downloads\\4.0.52.apk","appium:autoGrantPermissions":true,"appium:automationName":"uiautomator2","appium:deviceName":"emulator-5554 (sdk_gphone64_x86_64 - Android 14)","appium:fullReset":false,"appium:newCommandTimeout":1800,"appium:noReset":true,"platform":"ANDROID","platformName":"android","appium:platformVersion":"14","appium:systemPort":53959,"appium:udid":"emulator-5554"}]}}[39m
[35m[BaseDriver][39m The following capabilities are not standard capabilities and should have an extension prefix:
[35m[BaseDriver][39m   platform
[35m[BaseDriver][39m   chromedriverPort
[35m[Appium][39m Appium v1.22.3 creating new AndroidUiautomator2Driver (v1.70.1) session
[35m[BaseDriver][39m The following capabilities were provided, but are not recognized by Appium:
[35m[BaseDriver][39m   platform
[35m[BaseDriver][39m Session created with session id: 4af9ac0f-240a-405c-b160-c1680d69f593
[35m[BaseDriver][39m Using local app 'C:\Users\User\Downloads\4.0.52.apk'
[35m[ADB][39m Found 1 'build-tools' folders under 'C:\Users\User\.katalon\tools\android_sdk' (newest first):
[35m[ADB][39m     C:/Users/User/.katalon/tools/android_sdk/build-tools/29.0.3
[35m[ADB][39m Using 'adb.exe' from 'C:\Users\User\.katalon\tools\android_sdk\platform-tools\adb.exe'
[35m[AndroidDriver][39m Retrieving device list
[35m[AndroidDriver][39m Using device: emulator-5554
[35m[ADB][39m Using 'adb.exe' from 'C:\Users\User\.katalon\tools\android_sdk\platform-tools\adb.exe'
[35m[ADB][39m Getting device platform version
[35m[UiAutomator2][39m Relaxing hidden api policy
[35m[ADB][39m Package name: 'com.ramssol.ramslearn.uat'
[35m[ADB][39m Main activity name: 'com.ramssol.ramslearn.activity.FirstActivity'
[35m[ADB][39m Using 'apksigner.jar' from 'C:\Users\User\.katalon\tools\android_sdk\build-tools\29.0.3\lib\apksigner.jar'
[35m[ADB][39m 'C:\Users\User\AppData\Roaming\npm\node_modules\appium\node_modules\appium-uiautomator2-server\apks\appium-uiautomator2-server-v4.27.0.apk' is signed with the default certificate
[35m[ADB][39m 'C:\Users\User\AppData\Roaming\npm\node_modules\appium\node_modules\appium-uiautomator2-server\apks\appium-uiautomator2-server-debug-androidTest.apk' is signed with the default certificate
[35m[UiAutomator2][39m Server packages are going to be (re)installed
[35m[UiAutomator2][39m Full packages reinstall is going to be performed
[35m[ADB][39m io.appium.uiautomator2.server was successfully uninstalled
[35m[ADB][39m The application at 'C:\Users\User\AppData\Roaming\npm\node_modules\appium\node_modules\appium-uiautomator2-server\apks\appium-uiautomator2-server-v4.27.0.apk' will not be cached, because the device under test has confirmed the support of streamed installs
[35m[ADB][39m The installation of 'appium-uiautomator2-server-v4.27.0.apk' took 3013ms
[35m[ADB][39m io.appium.uiautomator2.server.test was successfully uninstalled
[35m[ADB][39m The application at 'C:\Users\User\AppData\Roaming\npm\node_modules\appium\node_modules\appium-uiautomator2-server\apks\appium-uiautomator2-server-debug-androidTest.apk' will not be cached, because the device under test has confirmed the support of streamed installs
[35m[ADB][39m The installation of 'appium-uiautomator2-server-debug-androidTest.apk' took 3836ms
[35m[ADB][39m Adding packages ["io.appium.settings","io.appium.uiautomator2.server","io.appium.uiautomator2.server.test"] to Doze whitelist
[35m[ADB][39m 'C:\Users\User\Downloads\4.0.52.apk' is signed with a non-default certificate
[35m[ADB][39m The application at 'C:\Users\User\Downloads\4.0.52.apk' will not be cached, because the device under test has confirmed the support of streamed installs
[35m[ADB][39m The installation of '4.0.52.apk' took 37189ms
[35m[UiAutomator2][39m Starting UIAutomator2 server 4.27.0
[35m[UiAutomator2][39m Using UIAutomator2 server from 'C:\Users\User\AppData\Roaming\npm\node_modules\appium\node_modules\appium-uiautomator2-server\apks\appium-uiautomator2-server-v4.27.0.apk' and test from 'C:\Users\User\AppData\Roaming\npm\node_modules\appium\node_modules\appium-uiautomator2-server\apks\appium-uiautomator2-server-debug-androidTest.apk'
[35m[UiAutomator2][39m Waiting up to 30000ms for UiAutomator2 to be online...
[35m[WD Proxy][39m socket hang up
[35m[WD Proxy][39m socket hang up
[35m[WD Proxy][39m socket hang up
[35m[WD Proxy][39m socket hang up
[35m[WD Proxy][39m socket hang up
[35m[WD Proxy][39m socket hang up
[35m[WD Proxy][39m socket hang up
[35m[WD Proxy][39m socket hang up
[35m[WD Proxy][39m socket hang up
[35m[WD Proxy][39m socket hang up
[35m[WD Proxy][39m socket hang up
[35m[WD Proxy][39m socket hang up
[35m[WD Proxy][39m socket hang up
[35m[WD Proxy][39m Determined the downstream protocol as 'W3C'
[35m[AndroidDriver][39m Screen already unlocked, doing nothing
[35m[UiAutomator2][39m Starting 'com.ramssol.ramslearn.uat/com.ramssol.ramslearn.activity.FirstActivity and waiting for 'com.ramssol.ramslearn.uat/com.ramssol.ramslearn.activity.FirstActivity'
[35m[Appium][39m New AndroidUiautomator2Driver session created successfully, session 4af9ac0f-240a-405c-b160-c1680d69f593 added to master session list
[35m[HTTP][39m [37m<-- POST /wd/hub/session [39m[32m200[39m [90m102003 ms - 1272[39m
[35m[HTTP][39m [90m[39m
[35m[HTTP][39m [37m-->[39m [37mGET[39m [37m/wd/hub/session/4af9ac0f-240a-405c-b160-c1680d69f593[39m
[35m[HTTP][39m [90m{}[39m
[35m[HTTP][39m [37m<-- GET /wd/hub/session/4af9ac0f-240a-405c-b160-c1680d69f593 [39m[32m200[39m [90m29 ms - 1226[39m
[35m[HTTP][39m [90m[39m
[35m[HTTP][39m [37m-->[39m [37mGET[39m [37m/wd/hub/session/4af9ac0f-240a-405c-b160-c1680d69f593[39m
[35m[HTTP][39m [90m{}[39m
[35m[HTTP][39m [37m<-- GET /wd/hub/session/4af9ac0f-240a-405c-b160-c1680d69f593 [39m[32m200[39m [90m24 ms - 1226[39m
[35m[HTTP][39m [90m[39m
[35m[HTTP][39m [37m-->[39m [37mGET[39m [37m/wd/hub/status[39m
[35m[HTTP][39m [90m{}[39m
[35m[HTTP][39m [37m<-- GET /wd/hub/status [39m[32m200[39m [90m1 ms - 68[39m
[35m[HTTP][39m [90m[39m
[35m[HTTP][39m [37m-->[39m [37mPOST[39m [37m/wd/hub/session/4af9ac0f-240a-405c-b160-c1680d69f593/timeouts[39m
[35m[HTTP][39m [90m{"implicit":60000}[39m
[35m[HTTP][39m [37m<-- POST /wd/hub/session/4af9ac0f-240a-405c-b160-c1680d69f593/timeouts [39m[32m200[39m [90m3 ms - 14[39m
[35m[HTTP][39m [90m[39m
[35m[HTTP][39m [37m-->[39m [37mGET[39m [37m/wd/hub/session/4af9ac0f-240a-405c-b160-c1680d69f593/source[39m
[35m[HTTP][39m [90m{}[39m
[35m[W3C (4af9ac0f)][39m Driver proxy active, passing request on via HTTP proxy
[35m[WD Proxy][39m Replacing sessionId 35fc13a3-a2b4-4252-b63e-3660bf0f27c3 with 4af9ac0f-240a-405c-b160-c1680d69f593
[35m[HTTP][39m [37m<-- GET /wd/hub/session/4af9ac0f-240a-405c-b160-c1680d69f593/source [39m[32m200[39m [90m9417 ms - 2796[39m
[35m[HTTP][39m [90m[39m
[35m[HTTP][39m [37m-->[39m [37mGET[39m [37m/wd/hub/session/4af9ac0f-240a-405c-b160-c1680d69f593/screenshot[39m
[35m[HTTP][39m [90m{}[39m
[35m[HTTP][39m [37m<-- GET /wd/hub/session/4af9ac0f-240a-405c-b160-c1680d69f593/screenshot [39m[32m200[39m [90m2996 ms - 78436[39m
[35m[HTTP][39m [90m[39m
[35m[HTTP][39m [37m-->[39m [37mGET[39m [37m/wd/hub/session/4af9ac0f-240a-405c-b160-c1680d69f593/source[39m
[35m[HTTP][39m [90m{}[39m
[35m[W3C (4af9ac0f)][39m Driver proxy active, passing request on via HTTP proxy
[35m[WD Proxy][39m Replacing sessionId 35fc13a3-a2b4-4252-b63e-3660bf0f27c3 with 4af9ac0f-240a-405c-b160-c1680d69f593
[35m[HTTP][39m [37m<-- GET /wd/hub/session/4af9ac0f-240a-405c-b160-c1680d69f593/source [39m[32m200[39m [90m82 ms - 7787[39m
[35m[HTTP][39m [90m[39m
[35m[HTTP][39m [37m-->[39m [37mGET[39m [37m/wd/hub/session/4af9ac0f-240a-405c-b160-c1680d69f593/screenshot[39m
[35m[HTTP][39m [90m{}[39m
[35m[HTTP][39m [37m<-- GET /wd/hub/session/4af9ac0f-240a-405c-b160-c1680d69f593/screenshot [39m[32m200[39m [90m1331 ms - 544544[39m
[35m[HTTP][39m [90m[39m
[35m[HTTP][39m [37m-->[39m [37mPOST[39m [37m/wd/hub/session/4af9ac0f-240a-405c-b160-c1680d69f593/elements[39m
[35m[HTTP][39m [90m{"using":"xpath","value":"//*[@class = 'android.widget.TextView' and (@text = 'I have an account' or . = 'I have an account') and @resource-id = 'com.ramssol.ramslearn.uat:id/tvIhaveAccount']"}[39m
[35m[HTTP][39m [37m<-- POST /wd/hub/session/4af9ac0f-240a-405c-b160-c1680d69f593/elements [39m[32m200[39m [90m783 ms - 139[39m
[35m[HTTP][39m [90m[39m
[35m[HTTP][39m [37m-->[39m [37mGET[39m [37m/wd/hub/session/4af9ac0f-240a-405c-b160-c1680d69f593/window/rect[39m
[35m[HTTP][39m [90m{}[39m
[35m[HTTP][39m [37m<-- GET /wd/hub/session/4af9ac0f-240a-405c-b160-c1680d69f593/window/rect [39m[32m200[39m [90m16 ms - 50[39m
[35m[HTTP][39m [90m[39m
[35m[HTTP][39m [37m-->[39m [37mPOST[39m [37m/wd/hub/session/4af9ac0f-240a-405c-b160-c1680d69f593/elements[39m
[35m[HTTP][39m [90m{"using":"xpath","value":"//*[@class = 'android.widget.TextView' and (@text = 'I have an account' or . = 'I have an account') and @resource-id = 'com.ramssol.ramslearn.uat:id/tvIhaveAccount']"}[39m
[35m[HTTP][39m [37m<-- POST /wd/hub/session/4af9ac0f-240a-405c-b160-c1680d69f593/elements [39m[32m200[39m [90m105 ms - 139[39m
[35m[HTTP][39m [90m[39m
[35m[HTTP][39m [37m-->[39m [37mGET[39m [37m/wd/hub/session/4af9ac0f-240a-405c-b160-c1680d69f593/element/00000000-0000-0096-ffff-ffff00000030/location[39m
[35m[HTTP][39m [90m{}[39m
[35m[W3C (4af9ac0f)][39m Driver proxy active, passing request on via HTTP proxy
[35m[WD Proxy][39m Replacing sessionId 35fc13a3-a2b4-4252-b63e-3660bf0f27c3 with 4af9ac0f-240a-405c-b160-c1680d69f593
[35m[HTTP][39m [37m<-- GET /wd/hub/session/4af9ac0f-240a-405c-b160-c1680d69f593/element/00000000-0000-0096-ffff-ffff00000030/location [39m[32m200[39m [90m20 ms - 79[39m
[35m[HTTP][39m [90m[39m
[35m[HTTP][39m [37m-->[39m [37mPOST[39m [37m/wd/hub/session/4af9ac0f-240a-405c-b160-c1680d69f593/element/00000000-0000-0096-ffff-ffff00000030/click[39m
[35m[HTTP][39m [90m{"id":"00000000-0000-0096-ffff-ffff00000030"}[39m
[35m[HTTP][39m [37m<-- POST /wd/hub/session/4af9ac0f-240a-405c-b160-c1680d69f593/element/00000000-0000-0096-ffff-ffff00000030/click [39m[32m200[39m [90m94 ms - 14[39m
[35m[HTTP][39m [90m[39m
[35m[HTTP][39m [37m-->[39m [37mGET[39m [37m/wd/hub/session/4af9ac0f-240a-405c-b160-c1680d69f593/source[39m
[35m[HTTP][39m [90m{}[39m
[35m[W3C (4af9ac0f)][39m Driver proxy active, passing request on via HTTP proxy
[35m[WD Proxy][39m Replacing sessionId 35fc13a3-a2b4-4252-b63e-3660bf0f27c3 with 4af9ac0f-240a-405c-b160-c1680d69f593
[35m[HTTP][39m [37m<-- GET /wd/hub/session/4af9ac0f-240a-405c-b160-c1680d69f593/source [39m[32m200[39m [90m1353 ms - 11448[39m
[35m[HTTP][39m [90m[39m
[35m[HTTP][39m [37m-->[39m [37mGET[39m [37m/wd/hub/session/4af9ac0f-240a-405c-b160-c1680d69f593/screenshot[39m
[35m[HTTP][39m [90m{}[39m
[35m[HTTP][39m [37m<-- GET /wd/hub/session/4af9ac0f-240a-405c-b160-c1680d69f593/screenshot [39m[32m200[39m [90m756 ms - 325154[39m
[35m[HTTP][39m [90m[39m
[35m[HTTP][39m [37m-->[39m [37mPOST[39m [37m/wd/hub/session/4af9ac0f-240a-405c-b160-c1680d69f593/elements[39m
[35m[HTTP][39m [90m{"using":"xpath","value":"//*[@class = 'android.widget.EditText' and (@text = 'Email' or . = 'Email') and @resource-id = 'com.ramssol.ramslearn.uat:id/et_email']"}[39m
[35m[HTTP][39m [37m<-- POST /wd/hub/session/4af9ac0f-240a-405c-b160-c1680d69f593/elements [39m[32m200[39m [90m297 ms - 139[39m
[35m[HTTP][39m [90m[39m
[35m[HTTP][39m [37m-->[39m [37mGET[39m [37m/wd/hub/session/4af9ac0f-240a-405c-b160-c1680d69f593/window/rect[39m
[35m[HTTP][39m [90m{}[39m
[35m[HTTP][39m [37m<-- GET /wd/hub/session/4af9ac0f-240a-405c-b160-c1680d69f593/window/rect [39m[32m200[39m [90m23 ms - 50[39m
[35m[HTTP][39m [90m[39m
[35m[HTTP][39m [37m-->[39m [37mPOST[39m [37m/wd/hub/session/4af9ac0f-240a-405c-b160-c1680d69f593/elements[39m
[35m[HTTP][39m [90m{"using":"xpath","value":"//*[@class = 'android.widget.EditText' and (@text = 'Email' or . = 'Email') and @resource-id = 'com.ramssol.ramslearn.uat:id/et_email']"}[39m
[35m[HTTP][39m [37m<-- POST /wd/hub/session/4af9ac0f-240a-405c-b160-c1680d69f593/elements [39m[32m200[39m [90m182 ms - 139[39m
[35m[HTTP][39m [90m[39m
[35m[HTTP][39m [37m-->[39m [37mGET[39m [37m/wd/hub/session/4af9ac0f-240a-405c-b160-c1680d69f593/element/00000000-0000-0097-ffff-ffff00000045/location[39m
[35m[HTTP][39m [90m{}[39m
[35m[W3C (4af9ac0f)][39m Driver proxy active, passing request on via HTTP proxy
[35m[WD Proxy][39m Replacing sessionId 35fc13a3-a2b4-4252-b63e-3660bf0f27c3 with 4af9ac0f-240a-405c-b160-c1680d69f593
[35m[HTTP][39m [37m<-- GET /wd/hub/session/4af9ac0f-240a-405c-b160-c1680d69f593/element/00000000-0000-0097-ffff-ffff00000045/location [39m[32m200[39m [90m22 ms - 79[39m
[35m[HTTP][39m [90m[39m
[35m[HTTP][39m [37m-->[39m [37mPOST[39m [37m/wd/hub/session/4af9ac0f-240a-405c-b160-c1680d69f593/element/00000000-0000-0097-ffff-ffff00000045/clear[39m
[35m[HTTP][39m [90m{"id":"00000000-0000-0097-ffff-ffff00000045"}[39m
[35m[HTTP][39m [37m<-- POST /wd/hub/session/4af9ac0f-240a-405c-b160-c1680d69f593/element/00000000-0000-0097-ffff-ffff00000045/clear [39m[32m200[39m [90m26 ms - 14[39m
[35m[HTTP][39m [90m[39m
[35m[HTTP][39m [37m-->[39m [37mPOST[39m [37m/wd/hub/session/4af9ac0f-240a-405c-b160-c1680d69f593/element/00000000-0000-0097-ffff-ffff00000045/value[39m
[35m[HTTP][39m [90m{"id":"00000000-0000-0097-ffff-ffff00000045","text":"uatdemo7@ramssol.com","value":["u","a","t","d","e","m","o","7","@","r","a","m","s","s","o","l",".","c","o","m"]}[39m
[35m[HTTP][39m [37m<-- POST /wd/hub/session/4af9ac0f-240a-405c-b160-c1680d69f593/element/00000000-0000-0097-ffff-ffff00000045/value [39m[32m200[39m [90m579 ms - 14[39m
[35m[HTTP][39m [90m[39m
[35m[HTTP][39m [37m-->[39m [37mGET[39m [37m/wd/hub/session/4af9ac0f-240a-405c-b160-c1680d69f593/source[39m
[35m[HTTP][39m [90m{}[39m
[35m[W3C (4af9ac0f)][39m Driver proxy active, passing request on via HTTP proxy
[35m[WD Proxy][39m Replacing sessionId 35fc13a3-a2b4-4252-b63e-3660bf0f27c3 with 4af9ac0f-240a-405c-b160-c1680d69f593
[35m[HTTP][39m [37m<-- GET /wd/hub/session/4af9ac0f-240a-405c-b160-c1680d69f593/source [39m[32m200[39m [90m174 ms - 11463[39m
[35m[HTTP][39m [90m[39m
[35m[HTTP][39m [37m-->[39m [37mGET[39m [37m/wd/hub/session/4af9ac0f-240a-405c-b160-c1680d69f593/screenshot[39m
[35m[HTTP][39m [90m{}[39m
[35m[HTTP][39m [37m<-- GET /wd/hub/session/4af9ac0f-240a-405c-b160-c1680d69f593/screenshot [39m[32m200[39m [90m773 ms - 339444[39m
[35m[HTTP][39m [90m[39m
[35m[HTTP][39m [37m-->[39m [37mPOST[39m [37m/wd/hub/session/4af9ac0f-240a-405c-b160-c1680d69f593/elements[39m
[35m[HTTP][39m [90m{"using":"xpath","value":"//*[@class = 'android.widget.EditText' and (@text = 'Password' or . = 'Password') and @resource-id = 'com.ramssol.ramslearn.uat:id/et_password']"}[39m
[35m[HTTP][39m [37m<-- POST /wd/hub/session/4af9ac0f-240a-405c-b160-c1680d69f593/elements [39m[32m200[39m [90m255 ms - 139[39m
[35m[HTTP][39m [90m[39m
[35m[HTTP][39m [37m-->[39m [37mGET[39m [37m/wd/hub/session/4af9ac0f-240a-405c-b160-c1680d69f593/window/rect[39m
[35m[HTTP][39m [90m{}[39m
[35m[HTTP][39m [37m<-- GET /wd/hub/session/4af9ac0f-240a-405c-b160-c1680d69f593/window/rect [39m[32m200[39m [90m17 ms - 50[39m
[35m[HTTP][39m [90m[39m
[35m[HTTP][39m [37m-->[39m [37mPOST[39m [37m/wd/hub/session/4af9ac0f-240a-405c-b160-c1680d69f593/elements[39m
[35m[HTTP][39m [90m{"using":"xpath","value":"//*[@class = 'android.widget.EditText' and (@text = 'Password' or . = 'Password') and @resource-id = 'com.ramssol.ramslearn.uat:id/et_password']"}[39m
[35m[HTTP][39m [37m<-- POST /wd/hub/session/4af9ac0f-240a-405c-b160-c1680d69f593/elements [39m[32m200[39m [90m135 ms - 139[39m
[35m[HTTP][39m [90m[39m
[35m[HTTP][39m [37m-->[39m [37mGET[39m [37m/wd/hub/session/4af9ac0f-240a-405c-b160-c1680d69f593/element/00000000-0000-0097-ffff-ffff00000049/location[39m
[35m[HTTP][39m [90m{}[39m
[35m[W3C (4af9ac0f)][39m Driver proxy active, passing request on via HTTP proxy
[35m[WD Proxy][39m Replacing sessionId 35fc13a3-a2b4-4252-b63e-3660bf0f27c3 with 4af9ac0f-240a-405c-b160-c1680d69f593
[35m[HTTP][39m [37m<-- GET /wd/hub/session/4af9ac0f-240a-405c-b160-c1680d69f593/element/00000000-0000-0097-ffff-ffff00000049/location [39m[32m200[39m [90m19 ms - 79[39m
[35m[HTTP][39m [90m[39m
[35m[HTTP][39m [37m-->[39m [37mPOST[39m [37m/wd/hub/session/4af9ac0f-240a-405c-b160-c1680d69f593/element/00000000-0000-0097-ffff-ffff00000049/clear[39m
[35m[HTTP][39m [90m{"id":"00000000-0000-0097-ffff-ffff00000049"}[39m
[35m[HTTP][39m [37m<-- POST /wd/hub/session/4af9ac0f-240a-405c-b160-c1680d69f593/element/00000000-0000-0097-ffff-ffff00000049/clear [39m[32m200[39m [90m25 ms - 14[39m
[35m[HTTP][39m [90m[39m
[35m[HTTP][39m [37m-->[39m [37mPOST[39m [37m/wd/hub/session/4af9ac0f-240a-405c-b160-c1680d69f593/element/00000000-0000-0097-ffff-ffff00000049/value[39m
[35m[HTTP][39m [90m{"id":"00000000-0000-0097-ffff-ffff00000049","text":"Password01","value":["P","a","s","s","w","o","r","d","0","1"]}[39m
[35m[HTTP][39m [37m<-- POST /wd/hub/session/4af9ac0f-240a-405c-b160-c1680d69f593/element/00000000-0000-0097-ffff-ffff00000049/value [39m[32m200[39m [90m1023 ms - 14[39m
[35m[HTTP][39m [90m[39m
[35m[HTTP][39m [37m-->[39m [37mGET[39m [37m/wd/hub/session/4af9ac0f-240a-405c-b160-c1680d69f593/source[39m
[35m[HTTP][39m [90m{}[39m
[35m[W3C (4af9ac0f)][39m Driver proxy active, passing request on via HTTP proxy
[35m[WD Proxy][39m Replacing sessionId 35fc13a3-a2b4-4252-b63e-3660bf0f27c3 with 4af9ac0f-240a-405c-b160-c1680d69f593
[35m[HTTP][39m [37m<-- GET /wd/hub/session/4af9ac0f-240a-405c-b160-c1680d69f593/source [39m[32m200[39m [90m103 ms - 11485[39m
[35m[HTTP][39m [90m[39m
[35m[HTTP][39m [37m-->[39m [37mGET[39m [37m/wd/hub/session/4af9ac0f-240a-405c-b160-c1680d69f593/screenshot[39m
[35m[HTTP][39m [90m{}[39m
[35m[HTTP][39m [37m<-- GET /wd/hub/session/4af9ac0f-240a-405c-b160-c1680d69f593/screenshot [39m[32m200[39m [90m491 ms - 332876[39m
[35m[HTTP][39m [90m[39m
[35m[HTTP][39m [37m-->[39m [37mPOST[39m [37m/wd/hub/session/4af9ac0f-240a-405c-b160-c1680d69f593/elements[39m
[35m[HTTP][39m [90m{"using":"xpath","value":"//*[@class = 'android.widget.Button' and (@text = 'Log In' or . = 'Log In') and @resource-id = 'com.ramssol.ramslearn.uat:id/btn_login']"}[39m
[35m[HTTP][39m [37m<-- POST /wd/hub/session/4af9ac0f-240a-405c-b160-c1680d69f593/elements [39m[32m200[39m [90m150 ms - 139[39m
[35m[HTTP][39m [90m[39m
[35m[HTTP][39m [37m-->[39m [37mGET[39m [37m/wd/hub/session/4af9ac0f-240a-405c-b160-c1680d69f593/window/rect[39m
[35m[HTTP][39m [90m{}[39m
[35m[HTTP][39m [37m<-- GET /wd/hub/session/4af9ac0f-240a-405c-b160-c1680d69f593/window/rect [39m[32m200[39m [90m11 ms - 50[39m
[35m[HTTP][39m [90m[39m
[35m[HTTP][39m [37m-->[39m [37mPOST[39m [37m/wd/hub/session/4af9ac0f-240a-405c-b160-c1680d69f593/elements[39m
[35m[HTTP][39m [90m{"using":"xpath","value":"//*[@class = 'android.widget.Button' and (@text = 'Log In' or . = 'Log In') and @resource-id = 'com.ramssol.ramslearn.uat:id/btn_login']"}[39m
[35m[HTTP][39m [37m<-- POST /wd/hub/session/4af9ac0f-240a-405c-b160-c1680d69f593/elements [39m[32m200[39m [90m155 ms - 139[39m
[35m[HTTP][39m [90m[39m
[35m[HTTP][39m [37m-->[39m [37mGET[39m [37m/wd/hub/session/4af9ac0f-240a-405c-b160-c1680d69f593/element/00000000-0000-0097-ffff-ffff0000004c/location[39m
[35m[HTTP][39m [90m{}[39m
[35m[W3C (4af9ac0f)][39m Driver proxy active, passing request on via HTTP proxy
[35m[WD Proxy][39m Replacing sessionId 35fc13a3-a2b4-4252-b63e-3660bf0f27c3 with 4af9ac0f-240a-405c-b160-c1680d69f593
[35m[HTTP][39m [37m<-- GET /wd/hub/session/4af9ac0f-240a-405c-b160-c1680d69f593/element/00000000-0000-0097-ffff-ffff0000004c/location [39m[32m200[39m [90m19 ms - 79[39m
[35m[HTTP][39m [90m[39m
[35m[HTTP][39m [37m-->[39m [37mPOST[39m [37m/wd/hub/session/4af9ac0f-240a-405c-b160-c1680d69f593/element/00000000-0000-0097-ffff-ffff0000004c/click[39m
[35m[HTTP][39m [90m{"id":"00000000-0000-0097-ffff-ffff0000004c"}[39m
[35m[HTTP][39m [37m<-- POST /wd/hub/session/4af9ac0f-240a-405c-b160-c1680d69f593/element/00000000-0000-0097-ffff-ffff0000004c/click [39m[32m200[39m [90m69 ms - 14[39m
[35m[HTTP][39m [90m[39m
[35m[HTTP][39m [37m-->[39m [37mGET[39m [37m/wd/hub/session/4af9ac0f-240a-405c-b160-c1680d69f593/source[39m
[35m[HTTP][39m [90m{}[39m
[35m[W3C (4af9ac0f)][39m Driver proxy active, passing request on via HTTP proxy
[35m[WD Proxy][39m Replacing sessionId 35fc13a3-a2b4-4252-b63e-3660bf0f27c3 with 4af9ac0f-240a-405c-b160-c1680d69f593
[35m[HTTP][39m [37m<-- GET /wd/hub/session/4af9ac0f-240a-405c-b160-c1680d69f593/source [39m[32m200[39m [90m599 ms - 11938[39m
[35m[HTTP][39m [90m[39m
[35m[HTTP][39m [37m-->[39m [37mGET[39m [37m/wd/hub/session/4af9ac0f-240a-405c-b160-c1680d69f593/screenshot[39m
[35m[HTTP][39m [90m{}[39m
[35m[HTTP][39m [37m<-- GET /wd/hub/session/4af9ac0f-240a-405c-b160-c1680d69f593/screenshot [39m[32m200[39m [90m597 ms - 337588[39m
[35m[HTTP][39m [90m[39m
[35m[HTTP][39m [37m-->[39m [37mGET[39m [37m/wd/hub/session/4af9ac0f-240a-405c-b160-c1680d69f593/source[39m
[35m[HTTP][39m [90m{}[39m
[35m[W3C (4af9ac0f)][39m Driver proxy active, passing request on via HTTP proxy
[35m[WD Proxy][39m Replacing sessionId 35fc13a3-a2b4-4252-b63e-3660bf0f27c3 with 4af9ac0f-240a-405c-b160-c1680d69f593
[35m[HTTP][39m [37m<-- GET /wd/hub/session/4af9ac0f-240a-405c-b160-c1680d69f593/source [39m[32m200[39m [90m209 ms - 24681[39m
[35m[HTTP][39m [90m[39m
[35m[HTTP][39m [37m-->[39m [37mGET[39m [37m/wd/hub/session/4af9ac0f-240a-405c-b160-c1680d69f593/screenshot[39m
[35m[HTTP][39m [90m{}[39m
[35m[HTTP][39m [37m<-- GET /wd/hub/session/4af9ac0f-240a-405c-b160-c1680d69f593/screenshot [39m[32m200[39m [90m1419 ms - 1843432[39m
[35m[HTTP][39m [90m[39m
[35m[HTTP][39m [37m-->[39m [37mPOST[39m [37m/wd/hub/session/4af9ac0f-240a-405c-b160-c1680d69f593/elements[39m
[35m[HTTP][39m [90m{"using":"xpath","value":"//*[@class = 'android.widget.ImageView' and @resource-id = 'com.ramssol.ramslearn.uat:id/btnMenu' and (@text = '' or . = '')]"}[39m
[35m[HTTP][39m [37m<-- POST /wd/hub/session/4af9ac0f-240a-405c-b160-c1680d69f593/elements [39m[32m200[39m [90m296 ms - 139[39m
[35m[HTTP][39m [90m[39m
[35m[HTTP][39m [37m-->[39m [37mGET[39m [37m/wd/hub/session/4af9ac0f-240a-405c-b160-c1680d69f593/window/rect[39m
[35m[HTTP][39m [90m{}[39m
[35m[HTTP][39m [37m<-- GET /wd/hub/session/4af9ac0f-240a-405c-b160-c1680d69f593/window/rect [39m[32m200[39m [90m11 ms - 50[39m
[35m[HTTP][39m [90m[39m
[35m[HTTP][39m [37m-->[39m [37mPOST[39m [37m/wd/hub/session/4af9ac0f-240a-405c-b160-c1680d69f593/elements[39m
[35m[HTTP][39m [90m{"using":"xpath","value":"//*[@class = 'android.widget.ImageView' and @resource-id = 'com.ramssol.ramslearn.uat:id/btnMenu' and (@text = '' or . = '')]"}[39m
[35m[HTTP][39m [37m<-- POST /wd/hub/session/4af9ac0f-240a-405c-b160-c1680d69f593/elements [39m[32m200[39m [90m251 ms - 139[39m
[35m[HTTP][39m [90m[39m
[35m[HTTP][39m [37m-->[39m [37mGET[39m [37m/wd/hub/session/4af9ac0f-240a-405c-b160-c1680d69f593/element/00000000-0000-0099-ffff-ffff00000095/location[39m
[35m[HTTP][39m [90m{}[39m
[35m[W3C (4af9ac0f)][39m Driver proxy active, passing request on via HTTP proxy
[35m[WD Proxy][39m Replacing sessionId 35fc13a3-a2b4-4252-b63e-3660bf0f27c3 with 4af9ac0f-240a-405c-b160-c1680d69f593
[35m[HTTP][39m [37m<-- GET /wd/hub/session/4af9ac0f-240a-405c-b160-c1680d69f593/element/00000000-0000-0099-ffff-ffff00000095/location [39m[32m200[39m [90m23 ms - 80[39m
[35m[HTTP][39m [90m[39m
[35m[HTTP][39m [37m-->[39m [37mPOST[39m [37m/wd/hub/session/4af9ac0f-240a-405c-b160-c1680d69f593/element/00000000-0000-0099-ffff-ffff00000095/click[39m
[35m[HTTP][39m [90m{"id":"00000000-0000-0099-ffff-ffff00000095"}[39m
[35m[HTTP][39m [37m<-- POST /wd/hub/session/4af9ac0f-240a-405c-b160-c1680d69f593/element/00000000-0000-0099-ffff-ffff00000095/click [39m[32m200[39m [90m115 ms - 14[39m
[35m[HTTP][39m [90m[39m
[35m[HTTP][39m [37m-->[39m [37mGET[39m [37m/wd/hub/session/4af9ac0f-240a-405c-b160-c1680d69f593/source[39m
[35m[HTTP][39m [90m{}[39m
[35m[W3C (4af9ac0f)][39m Driver proxy active, passing request on via HTTP proxy
[35m[WD Proxy][39m Replacing sessionId 35fc13a3-a2b4-4252-b63e-3660bf0f27c3 with 4af9ac0f-240a-405c-b160-c1680d69f593
[35m[HTTP][39m [37m<-- GET /wd/hub/session/4af9ac0f-240a-405c-b160-c1680d69f593/source [39m[32m200[39m [90m1216 ms - 11855[39m
[35m[HTTP][39m [90m[39m
[35m[HTTP][39m [37m-->[39m [37mGET[39m [37m/wd/hub/session/4af9ac0f-240a-405c-b160-c1680d69f593/screenshot[39m
[35m[HTTP][39m [90m{}[39m
[35m[HTTP][39m [37m<-- GET /wd/hub/session/4af9ac0f-240a-405c-b160-c1680d69f593/screenshot [39m[32m200[39m [90m535 ms - 509702[39m
[35m[HTTP][39m [90m[39m
[35m[HTTP][39m [37m-->[39m [37mPOST[39m [37m/wd/hub/session/4af9ac0f-240a-405c-b160-c1680d69f593/elements[39m
[35m[HTTP][39m [90m{"using":"xpath","value":"//*[@class = 'android.widget.TextView' and (@text = 'Log Out' or . = 'Log Out') and @resource-id = 'com.ramssol.ramslearn.uat:id/tvLogOut']"}[39m
[35m[HTTP][39m [37m<-- POST /wd/hub/session/4af9ac0f-240a-405c-b160-c1680d69f593/elements [39m[32m200[39m [90m219 ms - 139[39m
[35m[HTTP][39m [90m[39m
[35m[HTTP][39m [37m-->[39m [37mGET[39m [37m/wd/hub/session/4af9ac0f-240a-405c-b160-c1680d69f593/window/rect[39m
[35m[HTTP][39m [90m{}[39m
[35m[HTTP][39m [37m<-- GET /wd/hub/session/4af9ac0f-240a-405c-b160-c1680d69f593/window/rect [39m[32m200[39m [90m27 ms - 50[39m
[35m[HTTP][39m [90m[39m
[35m[HTTP][39m [37m-->[39m [37mPOST[39m [37m/wd/hub/session/4af9ac0f-240a-405c-b160-c1680d69f593/elements[39m
[35m[HTTP][39m [90m{"using":"xpath","value":"//*[@class = 'android.widget.TextView' and (@text = 'Log Out' or . = 'Log Out') and @resource-id = 'com.ramssol.ramslearn.uat:id/tvLogOut']"}[39m
[35m[HTTP][39m [37m<-- POST /wd/hub/session/4af9ac0f-240a-405c-b160-c1680d69f593/elements [39m[32m200[39m [90m167 ms - 139[39m
[35m[HTTP][39m [90m[39m
[35m[HTTP][39m [37m-->[39m [37mGET[39m [37m/wd/hub/session/4af9ac0f-240a-405c-b160-c1680d69f593/element/00000000-0000-009a-ffff-ffff000000c5/location[39m
[35m[HTTP][39m [90m{}[39m
[35m[W3C (4af9ac0f)][39m Driver proxy active, passing request on via HTTP proxy
[35m[WD Proxy][39m Replacing sessionId 35fc13a3-a2b4-4252-b63e-3660bf0f27c3 with 4af9ac0f-240a-405c-b160-c1680d69f593
[35m[HTTP][39m [37m<-- GET /wd/hub/session/4af9ac0f-240a-405c-b160-c1680d69f593/element/00000000-0000-009a-ffff-ffff000000c5/location [39m[32m200[39m [90m20 ms - 79[39m
[35m[HTTP][39m [90m[39m
[35m[HTTP][39m [37m-->[39m [37mPOST[39m [37m/wd/hub/session/4af9ac0f-240a-405c-b160-c1680d69f593/element/00000000-0000-009a-ffff-ffff000000c5/click[39m
[35m[HTTP][39m [90m{"id":"00000000-0000-009a-ffff-ffff000000c5"}[39m
[35m[HTTP][39m [37m<-- POST /wd/hub/session/4af9ac0f-240a-405c-b160-c1680d69f593/element/00000000-0000-009a-ffff-ffff000000c5/click [39m[32m200[39m [90m71 ms - 14[39m
[35m[HTTP][39m [90m[39m
[35m[HTTP][39m [37m-->[39m [37mGET[39m [37m/wd/hub/session/4af9ac0f-240a-405c-b160-c1680d69f593/source[39m
[35m[HTTP][39m [90m{}[39m
[35m[W3C (4af9ac0f)][39m Driver proxy active, passing request on via HTTP proxy
[35m[WD Proxy][39m Replacing sessionId 35fc13a3-a2b4-4252-b63e-3660bf0f27c3 with 4af9ac0f-240a-405c-b160-c1680d69f593
[35m[HTTP][39m [37m<-- GET /wd/hub/session/4af9ac0f-240a-405c-b160-c1680d69f593/source [39m[32m200[39m [90m483 ms - 5718[39m
[35m[HTTP][39m [90m[39m
[35m[HTTP][39m [37m-->[39m [37mGET[39m [37m/wd/hub/session/4af9ac0f-240a-405c-b160-c1680d69f593/screenshot[39m
[35m[HTTP][39m [90m{}[39m
[35m[HTTP][39m [37m<-- GET /wd/hub/session/4af9ac0f-240a-405c-b160-c1680d69f593/screenshot [39m[32m200[39m [90m622 ms - 461084[39m
[35m[HTTP][39m [90m[39m
[35m[HTTP][39m [37m-->[39m [37mPOST[39m [37m/wd/hub/session/4af9ac0f-240a-405c-b160-c1680d69f593/elements[39m
[35m[HTTP][39m [90m{"using":"xpath","value":"//*[@class = 'android.widget.TextView' and (@text = 'Yes' or . = 'Yes') and @resource-id = 'com.ramssol.ramslearn.uat:id/tv_positive_label']"}[39m
[35m[HTTP][39m [37m<-- POST /wd/hub/session/4af9ac0f-240a-405c-b160-c1680d69f593/elements [39m[32m200[39m [90m92 ms - 139[39m
[35m[HTTP][39m [90m[39m
[35m[HTTP][39m [37m-->[39m [37mGET[39m [37m/wd/hub/session/4af9ac0f-240a-405c-b160-c1680d69f593/window/rect[39m
[35m[HTTP][39m [90m{}[39m
[35m[HTTP][39m [37m<-- GET /wd/hub/session/4af9ac0f-240a-405c-b160-c1680d69f593/window/rect [39m[32m200[39m [90m10 ms - 50[39m
[35m[HTTP][39m [90m[39m
[35m[HTTP][39m [37m-->[39m [37mPOST[39m [37m/wd/hub/session/4af9ac0f-240a-405c-b160-c1680d69f593/elements[39m
[35m[HTTP][39m [90m{"using":"xpath","value":"//*[@class = 'android.widget.TextView' and (@text = 'Yes' or . = 'Yes') and @resource-id = 'com.ramssol.ramslearn.uat:id/tv_positive_label']"}[39m
[35m[HTTP][39m [37m<-- POST /wd/hub/session/4af9ac0f-240a-405c-b160-c1680d69f593/elements [39m[32m200[39m [90m76 ms - 139[39m
[35m[HTTP][39m [90m[39m
[35m[HTTP][39m [37m-->[39m [37mGET[39m [37m/wd/hub/session/4af9ac0f-240a-405c-b160-c1680d69f593/element/00000000-0000-009b-ffff-ffff000000d1/location[39m
[35m[HTTP][39m [90m{}[39m
[35m[W3C (4af9ac0f)][39m Driver proxy active, passing request on via HTTP proxy
[35m[WD Proxy][39m Replacing sessionId 35fc13a3-a2b4-4252-b63e-3660bf0f27c3 with 4af9ac0f-240a-405c-b160-c1680d69f593
[35m[HTTP][39m [37m<-- GET /wd/hub/session/4af9ac0f-240a-405c-b160-c1680d69f593/element/00000000-0000-009b-ffff-ffff000000d1/location [39m[32m200[39m [90m21 ms - 80[39m
[35m[HTTP][39m [90m[39m
[35m[HTTP][39m [37m-->[39m [37mPOST[39m [37m/wd/hub/session/4af9ac0f-240a-405c-b160-c1680d69f593/element/00000000-0000-009b-ffff-ffff000000d1/click[39m
[35m[HTTP][39m [90m{"id":"00000000-0000-009b-ffff-ffff000000d1"}[39m
[35m[HTTP][39m [37m<-- POST /wd/hub/session/4af9ac0f-240a-405c-b160-c1680d69f593/element/00000000-0000-009b-ffff-ffff000000d1/click [39m[32m200[39m [90m64 ms - 14[39m
[35m[HTTP][39m [90m[39m
[35m[HTTP][39m [37m-->[39m [37mGET[39m [37m/wd/hub/session/4af9ac0f-240a-405c-b160-c1680d69f593/source[39m
[35m[HTTP][39m [90m{}[39m
[35m[W3C (4af9ac0f)][39m Driver proxy active, passing request on via HTTP proxy
[35m[WD Proxy][39m Replacing sessionId 35fc13a3-a2b4-4252-b63e-3660bf0f27c3 with 4af9ac0f-240a-405c-b160-c1680d69f593
[35m[HTTP][39m [37m<-- GET /wd/hub/session/4af9ac0f-240a-405c-b160-c1680d69f593/source [39m[32m200[39m [90m1024 ms - 3770[39m
[35m[HTTP][39m [90m[39m
[35m[HTTP][39m [37m-->[39m [37mGET[39m [37m/wd/hub/session/4af9ac0f-240a-405c-b160-c1680d69f593/screenshot[39m
[35m[HTTP][39m [90m{}[39m
[35m[HTTP][39m [37m<-- GET /wd/hub/session/4af9ac0f-240a-405c-b160-c1680d69f593/screenshot [39m[32m200[39m [90m739 ms - 609538[39m
[35m[HTTP][39m [90m[39m
[35m[HTTP][39m [37m-->[39m [37mDELETE[39m [37m/wd/hub/session/4af9ac0f-240a-405c-b160-c1680d69f593[39m
[35m[HTTP][39m [90m{}[39m
[35m[Appium][39m Removing session 4af9ac0f-240a-405c-b160-c1680d69f593 from our master session list
[35m[UiAutomator2][39m Restoring hidden api policy to the device default configuration
[35m[HTTP][39m [37m<-- DELETE /wd/hub/session/4af9ac0f-240a-405c-b160-c1680d69f593 [39m[32m200[39m [90m563 ms - 14[39m
[35m[HTTP][39m [90m[39m
